<?xml version="1.0" encoding="UTF-8"?>
<!-- Generated by org.testng.reporters.JUnitReportReporter -->
<testsuite hostname="DESKTOP-NMES7OQ" failures="0" tests="2" name="TestNGTutorials.AnnonatationsUsage" time="0.015" errors="0" timestamp="2022-12-23T22:35:15 IST" skipped="0">
  <testcase classname="TestNGTutorials.AnnonatationsUsage" name="demoSmoke" time="0.002"/>
  <system-out/>
  <testcase classname="TestNGTutorials.AnnonatationsUsage" name="demo" time="0.013"/>
  <system-out/>
</testsuite> <!-- TestNGTutorials.AnnonatationsUsage -->
