<?xml version="1.0" encoding="UTF-8"?>
<!-- Generated by org.testng.reporters.JUnitReportReporter -->
<testsuite hostname="DESKTOP-NMES7OQ" failures="0" tests="1" name="FrameWork1Ecommerce.eCommerce_TC1" time="60.892" errors="0" timestamp="2022-12-15T23:46:45 IST" skipped="0">
  <testcase classname="FrameWork1Ecommerce.eCommerce_TC1" name="fillForm" time="60.892"/>
  <system-out/>
</testsuite> <!-- FrameWork1Ecommerce.eCommerce_TC1 -->
