<?xml version="1.0" encoding="UTF-8"?>
<!-- Generated by org.testng.reporters.JUnitReportReporter -->
<testsuite hostname="DESKTOP-NMES7OQ" failures="0" tests="1" name="TestNGTutorials.AnnonatationsUsage" time="0.012" errors="0" timestamp="2023-01-23T22:21:00 IST" skipped="0">
  <testcase classname="TestNGTutorials.AnnonatationsUsage" name="demoSmoke" time="0.012"/>
  <system-out/>
</testsuite> <!-- TestNGTutorials.AnnonatationsUsage -->
