<?xml version="1.0" encoding="UTF-8"?>
<!-- Generated by org.testng.reporters.JUnitReportReporter -->
<testsuite hostname="DESKTOP-NMES7OQ" failures="0" tests="1" name="MobilebasicsTesting.AppiumBasics" time="32.576" errors="0" timestamp="2022-12-07T14:46:07 IST" skipped="0">
  <testcase classname="MobilebasicsTesting.AppiumBasics" name="AppiumTest" time="32.576"/>
  <system-out/>
</testsuite> <!-- MobilebasicsTesting.AppiumBasics -->
