<?xml version="1.0" encoding="UTF-8"?>
<!-- Generated by org.testng.reporters.JUnitReportReporter -->
<testsuite hostname="DESKTOP-NMES7OQ" failures="0" tests="1" name="MobilebasicsTesting.AppiumServerAutomate" time="20.230" errors="1" timestamp="2023-03-19T00:57:13 IST" skipped="0">
  <testcase classname="MobilebasicsTesting.AppiumServerAutomate" name="AppiumTest" time="20.230">
    <error message="The local appium server has not been started. The given Node.js executable: C:\Program Files\nodejs\node.exe Arguments: [C:\Users\bharat\AppData\Roaming\npm\node_modules\appium\build\lib\main.js, --port, 4723, --address, 127.0.0.1] 
Process output: [35m[Appium][39m Welcome to Appium v1.22.3
[35m[Appium][39m Non-default server args:
[35m[Appium][39m   address: 127.0.0.1
[35m[Appium][39m Appium REST http interface listener started on 127.0.0.1:4723
[35m[HTTP][39m [37m--&gt;[39m [37mGET[39m [37m/status[39m
[35m[HTTP][39m [90m{}[39m
[debug] [35m[HTTP][39m No route found for /status
[35m[HTTP][39m [37m&lt;-- GET /status [39m[33m404[39m [90m15 ms - 211[39m
[35m[HTTP][39m [90m[39m
[35m[HTTP][39m [37m--&gt;[39m [37mGET[39m [37m/status[39m
[35m[HTTP][39m [90m{}[39m
[debug] [35m[HTTP][39m No route found for /status
[35m[HTTP][39m [37m&lt;-- GET /status [39m[33m404[39m [90m15 ms - 211[39m
[35m[HTTP][39m [90m[39m
[35m[HTTP][39m [37m--&gt;[39m [37mGET[39m [37m/status[39m
[35m[HTTP][39m [90m{}[39m
[debug] [35m[HTTP][39m No route found for /status
[35m[HTTP][39m [37m&lt;-- GET /status [39m[33m404[39m [90m2 ms - 211[39m
[35m[HTTP][39m [90m[39m
[35m[HTTP][39m [37m--&gt;[39m [37mGET[39m [37m/status[39m
[35m[HTTP][39m [90m{}[39m
[debug] [35m[HTTP][39m No route found for /status
[35m[HTTP][39m [37m&lt;-- GET /status [39m[33m404[39m [90m1 ms - 211[39m
[35m[HTTP][39m [90m[39m
[35m[HTTP][39m [37m--&gt;[39m [37mGET[39m [37m/status[39m
[35m[HTTP][39m [90m{}[39m
[debug] [35m[HTTP][39m No route found for /status
[35m[HTTP][39m [37m&lt;-- GET /status [39m[33m404[39m [90m1 ms - 211[39m
[35m[HTTP][39m [90m[39m
[35m[HTTP][39m [37m--&gt;[39m [37mGET[39m [37m/status[39m
[35m[HTTP][39m [90m{}[39m
[debug] [35m[HTTP][39m No route found for /status
[35m[HTTP][39m [37m&lt;-- GET /status [39m[33m404[39m [90m1 ms - 211[39m
[35m[HTTP][39m [90m[39m
[35m[HTTP][39m [37m--&gt;[39m [37mGET[39m [37m/status[39m
[35m[HTTP][39m [90m{}[39m
[debug] [35m[HTTP][39m No route found for /status
[35m[HTTP][39m [37m&lt;-- GET /status [39m[33m404[39m [90m1 ms - 211[39m
[35m[HTTP][39m [90m[39m
[35m[HTTP][39m [37m--&gt;[39m [37mGET[39m [37m/status[39m
[35m[HTTP][39m [90m{}[39m
[debug] [35m[HTTP][39m No route found for /status
[35m[HTTP][39m [37m&lt;-- GET /status [39m[33m404[39m [90m3 ms - 211[39m
[35m[HTTP][39m [90m[39m
[35m[HTTP][39m [37m--&gt;[39m [37mGET[39m [37m/status[39m
[35m[HTTP][39m [90m{}[39m
[debug] [35m[HTTP][39m No route found for /status
[35m[HTTP][39m [37m&lt;-- GET /status [39m[33m404[39m [90m3 ms - 211[39m
[35m[HTTP][39m [90m[39m
[35m[HTTP][39m [37m--&gt;[39m [37mGET[39m [37m/status[39m
[35m[HTTP][39m [90m{}[39m
[debug] [35m[HTTP][39m No route found for /status
[35m[HTTP][39m [37m&lt;-- GET /status [39m[33m404[39m [90m2 ms - 211[39m
[35m[HTTP][39m [90m[39m
[35m[HTTP][39m [37m--&gt;[39m [37mGET[39m [37m/status[39m
[35m[HTTP][39m [90m{}[39m
[debug] [35m[HTTP][39m No route found for /status
[35m[HTTP][39m [37m&lt;-- GET /status [39m[33m404[39m [90m1 ms - 211[39m
[35m[HTTP][39m [90m[39m
[35m[HTTP][39m [37m--&gt;[39m [37mGET[39m [37m/status[39m
[35m[HTTP][39m [90m{}[39m
[debug] [35m[HTTP][39m No route found for /status
[35m[HTTP][39m [37m&lt;-- GET /status [39m[33m404[39m [90m2 ms - 211[39m
[35m[HTTP][39m [90m[39m
[35m[HTTP][39m [37m--&gt;[39m [37mGET[39m [37m/status[39m
[35m[HTTP][39m [90m{}[39m
[debug] [35m[HTTP][39m No route found for /status
[35m[HTTP][39m [37m&lt;-- GET /status [39m[33m404[39m [90m1 ms - 211[39m
[35m[HTTP][39m [90m[39m
[35m[HTTP][39m [37m--&gt;[39m [37mGET[39m [37m/status[39m
[35m[HTTP][39m [90m{}[39m
[debug] [35m[HTTP][39m No route found for /status
[35m[HTTP][39m [37m&lt;-- GET /status [39m[33m404[39m [90m1 ms - 211[39m
[35m[HTTP][39m [90m[39m
[35m[HTTP][39m [37m--&gt;[39m [37mGET[39m [37m/status[39m
[35m[HTTP][39m [90m{}[39m
[debug] [35m[HTTP][39m No route found for /status
[35m[HTTP][39m [37m&lt;-- GET /status [39m[33m404[39m [90m1 ms - 211[39m
[35m[HTTP][39m [90m[39m
[35m[HTTP][39m [37m--&gt;[39m [37mGET[39m [37m/status[39m
[35m[HTTP][39m [90m{}[39m
[debug] [35m[HTTP][39m No route found for /status
[35m[HTTP][39m [37m&lt;-- GET /status [39m[33m404[39m [90m1 ms - 211[39m
[35m[HTTP][39m [90m[39m
[35m[HTTP][39m [37m--&gt;[39m [37mGET[39m [37m/status[39m
[35m[HTTP][39m [90m{}[39m
[debug] [35m[HTTP][39m No route found for /status
[35m[HTTP][39m [37m&lt;-- GET /status [39m[33m404[39m [90m1 ms - 211[39m
[35m[HTTP][39m [90m[39m
[35m[HTTP][39m [37m--&gt;[39m [37mGET[39m [37m/status[39m
[35m[HTTP][39m [90m{}[39m
[debug] [35m[HTTP][39m No route found for /status
[35m[HTTP][39m [37m&lt;-- GET /status [39m[33m404[39m [90m1 ms - 211[39m
[35m[HTTP][39m [90m[39m
[35m[HTTP][39m [37m--&gt;[39m [37mGET[39m [37m/status[39m
[35m[HTTP][39m [90m{}[39m
[debug] [35m[HTTP][39m No route found for /status
[35m[HTTP][39m [37m&lt;-- GET /status [39m[33m404[39m [90m2 ms - 211[39m
[35m[HTTP][39m [90m[39m
[35m[HTTP][39m [37m--&gt;[39m [37mGET[39m [37m/status[39m
[35m[HTTP][39m [90m{}[39m
[debug] [35m[HTTP][39m No route found for /status
[35m[HTTP][39m [37m&lt;-- GET /status [39m[33m404[39m [90m1 ms - 211[39m
[35m[HTTP][39m [90m[39m
[35m[HTTP][39m [37m--&gt;[39m [37mGET[39m [37m/status[39m
[35m[HTTP][39m [90m{}[39m
[debug] [35m[HTTP][39m No route found for /status
[35m[HTTP][39m [37m&lt;-- GET /status [39m[33m404[39m [90m1 ms - 211[39m
[35m[HTTP][39m [90m[39m
[35m[HTTP][39m [37m--&gt;[39m [37mGET[39m [37m/status[39m
[35m[HTTP][39m [90m{}[39m
[debug] [35m[HTTP][39m No route found for /status
[35m[HTTP][39m [37m&lt;-- GET /status [39m[33m404[39m [90m1 ms - 211[39m
[35m[HTTP][39m [90m[39m
[35m[HTTP][39m [37m--&gt;[39m [37mGET[39m [37m/status[39m
[35m[HTTP][39m [90m{}[39m
[debug] [35m[HTTP][39m No route found for /status
[35m[HTTP][39m [37m&lt;-- GET /status [39m[33m404[39m [90m1 ms - 211[39m
[35m[HTTP][39m [90m[39m
[35m[HTTP][39m [37m--&gt;[39m [37mGET[39m [37m/status[39m
[35m[HTTP][39m [90m{}[39m
[debug] [35m[HTTP][39m No route found for /status
[35m[HTTP][39m [37m&lt;-- GET /status [39m[33m404[39m [90m1 ms - 211[39m
[35m[HTTP][39m [90m[39m
[35m[HTTP][39m [37m--&gt;[39m [37mGET[39m [37m/status[39m
[35m[HTTP][39m [90m{}[39m
[debug] [35m[HTTP][39m No route found for /status
[35m[HTTP][39m [37m&lt;-- GET /status [39m[33m404[39m [90m1 ms - 211[39m
[35m[HTTP][39m [90m[39m
[35m[HTTP][39m [37m--&gt;[39m [37mGET[39m [37m/status[39m
[35m[HTTP][39m [90m{}[39m
[debug] [35m[HTTP][39m No route found for /status
[35m[HTTP][39m [37m&lt;-- GET /status [39m[33m404[39m [90m1 ms - 211[39m
[35m[HTTP][39m [90m[39m
[35m[HTTP][39m [37m--&gt;[39m [37mGET[39m [37m/status[39m
[35m[HTTP][39m [90m{}[39m
[debug] [35m[HTTP][39m No route found for /status
[35m[HTTP][39m [37m&lt;-- GET /status [39m[33m404[39m [90m1 ms - 211[39m
[35m[HTTP][39m [90m[39m
[35m[HTTP][39m [37m--&gt;[39m [37mGET[39m [37m/status[39m
[35m[HTTP][39m [90m{}[39m
[debug] [35m[HTTP][39m No route found for /status
[35m[HTTP][39m [37m&lt;-- GET /status [39m[33m404[39m [90m1 ms - 211[39m
[35m[HTTP][39m [90m[39m
[35m[HTTP][39m [37m--&gt;[39m [37mGET[39m [37m/status[39m
[35m[HTTP][39m [90m{}[39m
[debug] [35m[HTTP][39m No route found for /status
[35m[HTTP][39m [37m&lt;-- GET /status [39m[33m404[39m [90m1 ms - 211[39m
[35m[HTTP][39m [90m[39m
[35m[HTTP][39m [37m--&gt;[39m [37mGET[39m [37m/status[39m
[35m[HTTP][39m [90m{}[39m
[debug] [35m[HTTP][39m No route found for /status
[35m[HTTP][39m [37m&lt;-- GET /status [39m[33m404[39m [90m1 ms - 211[39m
[35m[HTTP][39m [90m[39m
[35m[HTTP][39m [37m--&gt;[39m [37mGET[39m [37m/status[39m
[35m[HTTP][39m [90m{}[39m
[debug] [35m[HTTP][39m No route found for /status
[35m[HTTP][39m [37m&lt;-- GET /status [39m[33m404[39m [90m1 ms - 211[39m
[35m[HTTP][39m [90m[39m
[35m[HTTP][39m [37m--&gt;[39m [37mGET[39m [37m/status[39m
[35m[HTTP][39m [90m{}[39m
[debug] [35m[HTTP][39m No route found for /status
[35m[HTTP][39m [37m&lt;-- GET /status [39m[33m404[39m [90m2 ms - 211[39m
[35m[HTTP][39m [90m[39m
[35m[HTTP][39m [37m--&gt;[39m [37mGET[39m [37m/status[39m
[35m[HTTP][39m [90m{}[39m
[debug] [35m[HTTP][39m No route found for /status
[35m[HTTP][39m [37m&lt;-- GET /status [39m[33m404[39m [90m1 ms - 211[39m
[35m[HTTP][39m [90m[39m
[35m[HTTP][39m [37m--&gt;[39m [37mGET[39m [37m/status[39m
[35m[HTTP][39m [90m{}[39m
[debug] [35m[HTTP][39m No route found for /status
[35m[HTTP][39m [37m&lt;-- GET /status [39m[33m404[39m [90m1 ms - 211[39m
[35m[HTTP][39m [90m[39m
[35m[HTTP][39m [37m--&gt;[39m [37mGET[39m [37m/status[39m
[35m[HTTP][39m [90m{}[39m
[debug] [35m[HTTP][39m No route found for /status
[35m[HTTP][39m [37m&lt;-- GET /status [39m[33m404[39m [90m1 ms - 211[39m
[35m[HTTP][39m [90m[39m
[35m[HTTP][39m [37m--&gt;[39m [37mGET[39m [37m/status[39m
[35m[HTTP][39m [90m{}[39m
[debug] [35m[HTTP][39m No route found for /status
[35m[HTTP][39m [37m&lt;-- GET /status [39m[33m404[39m [90m2 ms - 211[39m
[35m[HTTP][39m [90m[39m
[35m[HTTP][39m [37m--&gt;[39m [37mGET[39m [37m/status[39m
[35m[HTTP][39m [90m{}[39m
[debug] [35m[HTTP][39m No route found for /status
[35m[HTTP][39m [37m&lt;-- GET /status [39m[33m404[39m [90m1 ms - 211[39m
[35m[HTTP][39m [90m[39m
[35m[HTTP][39m [37m--&gt;[39m [37mGET[39m [37m/status[39m
[35m[HTTP][39m [90m{}[39m
[debug] [35m[HTTP][39m No route found for /status
[35m[HTTP][39m [37m&lt;-- GET /status [39m[33m404[39m [90m1 ms - 211[39m
[35m[HTTP][39m [90m[39m
[35m[HTTP][39m [37m--&gt;[39m [37mGET[39m [37m/status[39m
[35m[HTTP][39m [90m{}[39m
[debug] [35m[HTTP][39m No route found for /status
[35m[HTTP][39m [37m&lt;-- GET /status [39m[33m404[39m [90m1 ms - 211[39m
[35m[HTTP][39m [90m[39m
[35m[HTTP][39m [37m--&gt;[39m [37mGET[39m [37m/status[39m
[35m[HTTP][39m [90m{}[39m
[debug] [35m[HTTP][39m No route found for /status
[35m[HTTP][39m [37m&lt;-- GET /status [39m[33m404[39m [90m1 ms - 211[39m
[35m[HTTP][39m [90m[39m
[35m[HTTP][39m [37m--&gt;[39m [37mGET[39m [37m/status[39m
[35m[HTTP][39m [90m{}[39m
[debug] [35m[HTTP][39m No route found for /status
[35m[HTTP][39m [37m&lt;-- GET /status [39m[33m404[39m [90m1 ms - 211[39m
[35m[HTTP][39m [90m[39m
[35m[HTTP][39m [37m--&gt;[39m [37mGET[39m [37m/status[39m
[35m[HTTP][39m [90m{}[39m
[debug] [35m[HTTP][39m No route found for /status
[35m[HTTP][39m [37m&lt;-- GET /status [39m[33m404[39m [90m1 ms - 211[39m
[35m[HTTP][39m [90m[39m
[35m[HTTP][39m [37m--&gt;[39m [37mGET[39m [37m/status[39m
[35m[HTTP][39m [90m{}[39m
[debug] [35m[HTTP][39m No route found for /status
[35m[HTTP][39m [37m&lt;-- GET /status [39m[33m404[39m [90m2 ms - 211[39m
[35m[HTTP][39m [90m[39m
[35m[HTTP][39m [37m--&gt;[39m [37mGET[39m [37m/status[39m
[35m[HTTP][39m [90m{}[39m
[debug] [35m[HTTP][39m No route found for /status
[35m[HTTP][39m [37m&lt;-- GET /status [39m[33m404[39m [90m2 ms - 211[39m
[35m[HTTP][39m [90m[39m
[35m[HTTP][39m [37m--&gt;[39m [37mGET[39m [37m/status[39m
[35m[HTTP][39m [90m{}[39m
[debug] [35m[HTTP][39m No route found for /status
[35m[HTTP][39m [37m&lt;-- GET /status [39m[33m404[39m [90m1 ms - 211[39m
[35m[HTTP][39m [90m[39m
[35m[HTTP][39m [37m--&gt;[39m [37mGET[39m [37m/status[39m
[35m[HTTP][39m [90m{}[39m
[debug] [35m[HTTP][39m No route found for /status
[35m[HTTP][39m [37m&lt;-- GET /status [39m[33m404[39m [90m2 ms - 211[39m
[35m[HTTP][39m [90m[39m
[35m[HTTP][39m [37m--&gt;[39m [37mGET[39m [37m/status[39m
[35m[HTTP][39m [90m{}[39m
[debug] [35m[HTTP][39m No route found for /status
[35m[HTTP][39m [37m&lt;-- GET /status [39m[33m404[39m [90m1 ms - 211[39m
[35m[HTTP][39m [90m[39m
[35m[HTTP][39m [37m--&gt;[39m [37mGET[39m [37m/status[39m
[35m[HTTP][39m [90m{}[39m
[debug] [35m[HTTP][39m No route found for /status
[35m[HTTP][39m [37m&lt;-- GET /status [39m[33m404[39m [90m1 ms - 211[39m
[35m[HTTP][39m [90m[39m
[35m[HTTP][39m [37m--&gt;[39m [37mGET[39m [37m/status[39m
[35m[HTTP][39m [90m{}[39m
[debug] [35m[HTTP][39m No route found for /status
[35m[HTTP][39m [37m&lt;-- GET /status [39m[33m404[39m [90m1 ms - 211[39m
[35m[HTTP][39m [90m[39m
[35m[HTTP][39m [37m--&gt;[39m [37mGET[39m [37m/status[39m
[35m[HTTP][39m [90m{}[39m
[debug] [35m[HTTP][39m No route found for /status
[35m[HTTP][39m [37m&lt;-- GET /status [39m[33m404[39m [90m1 ms - 211[39m
[35m[HTTP][39m [90m[39m
[35m[HTTP][39m [37m--&gt;[39m [37mGET[39m [37m/status[39m
[35m[HTTP][39m [90m{}[39m
[debug] [35m[HTTP][39m No route found for /status
[35m[HTTP][39m [37m&lt;-- GET /status [39m[33m404[39m [90m1 ms - 211[39m
[35m[HTTP][39m [90m[39m

" type="io.appium.java_client.service.local.AppiumServerHasNotBeenStartedLocallyException">
      <![CDATA[io.appium.java_client.service.local.AppiumServerHasNotBeenStartedLocallyException: The local appium server has not been started. The given Node.js executable: C:\Program Files\nodejs\node.exe Arguments: [C:\Users\bharat\AppData\Roaming\npm\node_modules\appium\build\lib\main.js, --port, 4723, --address, 127.0.0.1] 
Process output: [35m[Appium][39m Welcome to Appium v1.22.3
[35m[Appium][39m Non-default server args:
[35m[Appium][39m   address: 127.0.0.1
[35m[Appium][39m Appium REST http interface listener started on 127.0.0.1:4723
[35m[HTTP][39m [37m-->[39m [37mGET[39m [37m/status[39m
[35m[HTTP][39m [90m{}[39m
[debug] [35m[HTTP][39m No route found for /status
[35m[HTTP][39m [37m<-- GET /status [39m[33m404[39m [90m15 ms - 211[39m
[35m[HTTP][39m [90m[39m
[35m[HTTP][39m [37m-->[39m [37mGET[39m [37m/status[39m
[35m[HTTP][39m [90m{}[39m
[debug] [35m[HTTP][39m No route found for /status
[35m[HTTP][39m [37m<-- GET /status [39m[33m404[39m [90m15 ms - 211[39m
[35m[HTTP][39m [90m[39m
[35m[HTTP][39m [37m-->[39m [37mGET[39m [37m/status[39m
[35m[HTTP][39m [90m{}[39m
[debug] [35m[HTTP][39m No route found for /status
[35m[HTTP][39m [37m<-- GET /status [39m[33m404[39m [90m2 ms - 211[39m
[35m[HTTP][39m [90m[39m
[35m[HTTP][39m [37m-->[39m [37mGET[39m [37m/status[39m
[35m[HTTP][39m [90m{}[39m
[debug] [35m[HTTP][39m No route found for /status
[35m[HTTP][39m [37m<-- GET /status [39m[33m404[39m [90m1 ms - 211[39m
[35m[HTTP][39m [90m[39m
[35m[HTTP][39m [37m-->[39m [37mGET[39m [37m/status[39m
[35m[HTTP][39m [90m{}[39m
[debug] [35m[HTTP][39m No route found for /status
[35m[HTTP][39m [37m<-- GET /status [39m[33m404[39m [90m1 ms - 211[39m
[35m[HTTP][39m [90m[39m
[35m[HTTP][39m [37m-->[39m [37mGET[39m [37m/status[39m
[35m[HTTP][39m [90m{}[39m
[debug] [35m[HTTP][39m No route found for /status
[35m[HTTP][39m [37m<-- GET /status [39m[33m404[39m [90m1 ms - 211[39m
[35m[HTTP][39m [90m[39m
[35m[HTTP][39m [37m-->[39m [37mGET[39m [37m/status[39m
[35m[HTTP][39m [90m{}[39m
[debug] [35m[HTTP][39m No route found for /status
[35m[HTTP][39m [37m<-- GET /status [39m[33m404[39m [90m1 ms - 211[39m
[35m[HTTP][39m [90m[39m
[35m[HTTP][39m [37m-->[39m [37mGET[39m [37m/status[39m
[35m[HTTP][39m [90m{}[39m
[debug] [35m[HTTP][39m No route found for /status
[35m[HTTP][39m [37m<-- GET /status [39m[33m404[39m [90m3 ms - 211[39m
[35m[HTTP][39m [90m[39m
[35m[HTTP][39m [37m-->[39m [37mGET[39m [37m/status[39m
[35m[HTTP][39m [90m{}[39m
[debug] [35m[HTTP][39m No route found for /status
[35m[HTTP][39m [37m<-- GET /status [39m[33m404[39m [90m3 ms - 211[39m
[35m[HTTP][39m [90m[39m
[35m[HTTP][39m [37m-->[39m [37mGET[39m [37m/status[39m
[35m[HTTP][39m [90m{}[39m
[debug] [35m[HTTP][39m No route found for /status
[35m[HTTP][39m [37m<-- GET /status [39m[33m404[39m [90m2 ms - 211[39m
[35m[HTTP][39m [90m[39m
[35m[HTTP][39m [37m-->[39m [37mGET[39m [37m/status[39m
[35m[HTTP][39m [90m{}[39m
[debug] [35m[HTTP][39m No route found for /status
[35m[HTTP][39m [37m<-- GET /status [39m[33m404[39m [90m1 ms - 211[39m
[35m[HTTP][39m [90m[39m
[35m[HTTP][39m [37m-->[39m [37mGET[39m [37m/status[39m
[35m[HTTP][39m [90m{}[39m
[debug] [35m[HTTP][39m No route found for /status
[35m[HTTP][39m [37m<-- GET /status [39m[33m404[39m [90m2 ms - 211[39m
[35m[HTTP][39m [90m[39m
[35m[HTTP][39m [37m-->[39m [37mGET[39m [37m/status[39m
[35m[HTTP][39m [90m{}[39m
[debug] [35m[HTTP][39m No route found for /status
[35m[HTTP][39m [37m<-- GET /status [39m[33m404[39m [90m1 ms - 211[39m
[35m[HTTP][39m [90m[39m
[35m[HTTP][39m [37m-->[39m [37mGET[39m [37m/status[39m
[35m[HTTP][39m [90m{}[39m
[debug] [35m[HTTP][39m No route found for /status
[35m[HTTP][39m [37m<-- GET /status [39m[33m404[39m [90m1 ms - 211[39m
[35m[HTTP][39m [90m[39m
[35m[HTTP][39m [37m-->[39m [37mGET[39m [37m/status[39m
[35m[HTTP][39m [90m{}[39m
[debug] [35m[HTTP][39m No route found for /status
[35m[HTTP][39m [37m<-- GET /status [39m[33m404[39m [90m1 ms - 211[39m
[35m[HTTP][39m [90m[39m
[35m[HTTP][39m [37m-->[39m [37mGET[39m [37m/status[39m
[35m[HTTP][39m [90m{}[39m
[debug] [35m[HTTP][39m No route found for /status
[35m[HTTP][39m [37m<-- GET /status [39m[33m404[39m [90m1 ms - 211[39m
[35m[HTTP][39m [90m[39m
[35m[HTTP][39m [37m-->[39m [37mGET[39m [37m/status[39m
[35m[HTTP][39m [90m{}[39m
[debug] [35m[HTTP][39m No route found for /status
[35m[HTTP][39m [37m<-- GET /status [39m[33m404[39m [90m1 ms - 211[39m
[35m[HTTP][39m [90m[39m
[35m[HTTP][39m [37m-->[39m [37mGET[39m [37m/status[39m
[35m[HTTP][39m [90m{}[39m
[debug] [35m[HTTP][39m No route found for /status
[35m[HTTP][39m [37m<-- GET /status [39m[33m404[39m [90m1 ms - 211[39m
[35m[HTTP][39m [90m[39m
[35m[HTTP][39m [37m-->[39m [37mGET[39m [37m/status[39m
[35m[HTTP][39m [90m{}[39m
[debug] [35m[HTTP][39m No route found for /status
[35m[HTTP][39m [37m<-- GET /status [39m[33m404[39m [90m2 ms - 211[39m
[35m[HTTP][39m [90m[39m
[35m[HTTP][39m [37m-->[39m [37mGET[39m [37m/status[39m
[35m[HTTP][39m [90m{}[39m
[debug] [35m[HTTP][39m No route found for /status
[35m[HTTP][39m [37m<-- GET /status [39m[33m404[39m [90m1 ms - 211[39m
[35m[HTTP][39m [90m[39m
[35m[HTTP][39m [37m-->[39m [37mGET[39m [37m/status[39m
[35m[HTTP][39m [90m{}[39m
[debug] [35m[HTTP][39m No route found for /status
[35m[HTTP][39m [37m<-- GET /status [39m[33m404[39m [90m1 ms - 211[39m
[35m[HTTP][39m [90m[39m
[35m[HTTP][39m [37m-->[39m [37mGET[39m [37m/status[39m
[35m[HTTP][39m [90m{}[39m
[debug] [35m[HTTP][39m No route found for /status
[35m[HTTP][39m [37m<-- GET /status [39m[33m404[39m [90m1 ms - 211[39m
[35m[HTTP][39m [90m[39m
[35m[HTTP][39m [37m-->[39m [37mGET[39m [37m/status[39m
[35m[HTTP][39m [90m{}[39m
[debug] [35m[HTTP][39m No route found for /status
[35m[HTTP][39m [37m<-- GET /status [39m[33m404[39m [90m1 ms - 211[39m
[35m[HTTP][39m [90m[39m
[35m[HTTP][39m [37m-->[39m [37mGET[39m [37m/status[39m
[35m[HTTP][39m [90m{}[39m
[debug] [35m[HTTP][39m No route found for /status
[35m[HTTP][39m [37m<-- GET /status [39m[33m404[39m [90m1 ms - 211[39m
[35m[HTTP][39m [90m[39m
[35m[HTTP][39m [37m-->[39m [37mGET[39m [37m/status[39m
[35m[HTTP][39m [90m{}[39m
[debug] [35m[HTTP][39m No route found for /status
[35m[HTTP][39m [37m<-- GET /status [39m[33m404[39m [90m1 ms - 211[39m
[35m[HTTP][39m [90m[39m
[35m[HTTP][39m [37m-->[39m [37mGET[39m [37m/status[39m
[35m[HTTP][39m [90m{}[39m
[debug] [35m[HTTP][39m No route found for /status
[35m[HTTP][39m [37m<-- GET /status [39m[33m404[39m [90m1 ms - 211[39m
[35m[HTTP][39m [90m[39m
[35m[HTTP][39m [37m-->[39m [37mGET[39m [37m/status[39m
[35m[HTTP][39m [90m{}[39m
[debug] [35m[HTTP][39m No route found for /status
[35m[HTTP][39m [37m<-- GET /status [39m[33m404[39m [90m1 ms - 211[39m
[35m[HTTP][39m [90m[39m
[35m[HTTP][39m [37m-->[39m [37mGET[39m [37m/status[39m
[35m[HTTP][39m [90m{}[39m
[debug] [35m[HTTP][39m No route found for /status
[35m[HTTP][39m [37m<-- GET /status [39m[33m404[39m [90m1 ms - 211[39m
[35m[HTTP][39m [90m[39m
[35m[HTTP][39m [37m-->[39m [37mGET[39m [37m/status[39m
[35m[HTTP][39m [90m{}[39m
[debug] [35m[HTTP][39m No route found for /status
[35m[HTTP][39m [37m<-- GET /status [39m[33m404[39m [90m1 ms - 211[39m
[35m[HTTP][39m [90m[39m
[35m[HTTP][39m [37m-->[39m [37mGET[39m [37m/status[39m
[35m[HTTP][39m [90m{}[39m
[debug] [35m[HTTP][39m No route found for /status
[35m[HTTP][39m [37m<-- GET /status [39m[33m404[39m [90m1 ms - 211[39m
[35m[HTTP][39m [90m[39m
[35m[HTTP][39m [37m-->[39m [37mGET[39m [37m/status[39m
[35m[HTTP][39m [90m{}[39m
[debug] [35m[HTTP][39m No route found for /status
[35m[HTTP][39m [37m<-- GET /status [39m[33m404[39m [90m1 ms - 211[39m
[35m[HTTP][39m [90m[39m
[35m[HTTP][39m [37m-->[39m [37mGET[39m [37m/status[39m
[35m[HTTP][39m [90m{}[39m
[debug] [35m[HTTP][39m No route found for /status
[35m[HTTP][39m [37m<-- GET /status [39m[33m404[39m [90m2 ms - 211[39m
[35m[HTTP][39m [90m[39m
[35m[HTTP][39m [37m-->[39m [37mGET[39m [37m/status[39m
[35m[HTTP][39m [90m{}[39m
[debug] [35m[HTTP][39m No route found for /status
[35m[HTTP][39m [37m<-- GET /status [39m[33m404[39m [90m1 ms - 211[39m
[35m[HTTP][39m [90m[39m
[35m[HTTP][39m [37m-->[39m [37mGET[39m [37m/status[39m
[35m[HTTP][39m [90m{}[39m
[debug] [35m[HTTP][39m No route found for /status
[35m[HTTP][39m [37m<-- GET /status [39m[33m404[39m [90m1 ms - 211[39m
[35m[HTTP][39m [90m[39m
[35m[HTTP][39m [37m-->[39m [37mGET[39m [37m/status[39m
[35m[HTTP][39m [90m{}[39m
[debug] [35m[HTTP][39m No route found for /status
[35m[HTTP][39m [37m<-- GET /status [39m[33m404[39m [90m1 ms - 211[39m
[35m[HTTP][39m [90m[39m
[35m[HTTP][39m [37m-->[39m [37mGET[39m [37m/status[39m
[35m[HTTP][39m [90m{}[39m
[debug] [35m[HTTP][39m No route found for /status
[35m[HTTP][39m [37m<-- GET /status [39m[33m404[39m [90m2 ms - 211[39m
[35m[HTTP][39m [90m[39m
[35m[HTTP][39m [37m-->[39m [37mGET[39m [37m/status[39m
[35m[HTTP][39m [90m{}[39m
[debug] [35m[HTTP][39m No route found for /status
[35m[HTTP][39m [37m<-- GET /status [39m[33m404[39m [90m1 ms - 211[39m
[35m[HTTP][39m [90m[39m
[35m[HTTP][39m [37m-->[39m [37mGET[39m [37m/status[39m
[35m[HTTP][39m [90m{}[39m
[debug] [35m[HTTP][39m No route found for /status
[35m[HTTP][39m [37m<-- GET /status [39m[33m404[39m [90m1 ms - 211[39m
[35m[HTTP][39m [90m[39m
[35m[HTTP][39m [37m-->[39m [37mGET[39m [37m/status[39m
[35m[HTTP][39m [90m{}[39m
[debug] [35m[HTTP][39m No route found for /status
[35m[HTTP][39m [37m<-- GET /status [39m[33m404[39m [90m1 ms - 211[39m
[35m[HTTP][39m [90m[39m
[35m[HTTP][39m [37m-->[39m [37mGET[39m [37m/status[39m
[35m[HTTP][39m [90m{}[39m
[debug] [35m[HTTP][39m No route found for /status
[35m[HTTP][39m [37m<-- GET /status [39m[33m404[39m [90m1 ms - 211[39m
[35m[HTTP][39m [90m[39m
[35m[HTTP][39m [37m-->[39m [37mGET[39m [37m/status[39m
[35m[HTTP][39m [90m{}[39m
[debug] [35m[HTTP][39m No route found for /status
[35m[HTTP][39m [37m<-- GET /status [39m[33m404[39m [90m1 ms - 211[39m
[35m[HTTP][39m [90m[39m
[35m[HTTP][39m [37m-->[39m [37mGET[39m [37m/status[39m
[35m[HTTP][39m [90m{}[39m
[debug] [35m[HTTP][39m No route found for /status
[35m[HTTP][39m [37m<-- GET /status [39m[33m404[39m [90m1 ms - 211[39m
[35m[HTTP][39m [90m[39m
[35m[HTTP][39m [37m-->[39m [37mGET[39m [37m/status[39m
[35m[HTTP][39m [90m{}[39m
[debug] [35m[HTTP][39m No route found for /status
[35m[HTTP][39m [37m<-- GET /status [39m[33m404[39m [90m2 ms - 211[39m
[35m[HTTP][39m [90m[39m
[35m[HTTP][39m [37m-->[39m [37mGET[39m [37m/status[39m
[35m[HTTP][39m [90m{}[39m
[debug] [35m[HTTP][39m No route found for /status
[35m[HTTP][39m [37m<-- GET /status [39m[33m404[39m [90m2 ms - 211[39m
[35m[HTTP][39m [90m[39m
[35m[HTTP][39m [37m-->[39m [37mGET[39m [37m/status[39m
[35m[HTTP][39m [90m{}[39m
[debug] [35m[HTTP][39m No route found for /status
[35m[HTTP][39m [37m<-- GET /status [39m[33m404[39m [90m1 ms - 211[39m
[35m[HTTP][39m [90m[39m
[35m[HTTP][39m [37m-->[39m [37mGET[39m [37m/status[39m
[35m[HTTP][39m [90m{}[39m
[debug] [35m[HTTP][39m No route found for /status
[35m[HTTP][39m [37m<-- GET /status [39m[33m404[39m [90m2 ms - 211[39m
[35m[HTTP][39m [90m[39m
[35m[HTTP][39m [37m-->[39m [37mGET[39m [37m/status[39m
[35m[HTTP][39m [90m{}[39m
[debug] [35m[HTTP][39m No route found for /status
[35m[HTTP][39m [37m<-- GET /status [39m[33m404[39m [90m1 ms - 211[39m
[35m[HTTP][39m [90m[39m
[35m[HTTP][39m [37m-->[39m [37mGET[39m [37m/status[39m
[35m[HTTP][39m [90m{}[39m
[debug] [35m[HTTP][39m No route found for /status
[35m[HTTP][39m [37m<-- GET /status [39m[33m404[39m [90m1 ms - 211[39m
[35m[HTTP][39m [90m[39m
[35m[HTTP][39m [37m-->[39m [37mGET[39m [37m/status[39m
[35m[HTTP][39m [90m{}[39m
[debug] [35m[HTTP][39m No route found for /status
[35m[HTTP][39m [37m<-- GET /status [39m[33m404[39m [90m1 ms - 211[39m
[35m[HTTP][39m [90m[39m
[35m[HTTP][39m [37m-->[39m [37mGET[39m [37m/status[39m
[35m[HTTP][39m [90m{}[39m
[debug] [35m[HTTP][39m No route found for /status
[35m[HTTP][39m [37m<-- GET /status [39m[33m404[39m [90m1 ms - 211[39m
[35m[HTTP][39m [90m[39m
[35m[HTTP][39m [37m-->[39m [37mGET[39m [37m/status[39m
[35m[HTTP][39m [90m{}[39m
[debug] [35m[HTTP][39m No route found for /status
[35m[HTTP][39m [37m<-- GET /status [39m[33m404[39m [90m1 ms - 211[39m
[35m[HTTP][39m [90m[39m


at io.appium.java_client.service.local.AppiumDriverLocalService.start(AppiumDriverLocalService.java:187)
at MobilebasicsTesting.AppiumServerAutomate.AppiumTest(AppiumServerAutomate.java:32)
at java.base/jdk.internal.reflect.DirectMethodHandleAccessor.invoke(DirectMethodHandleAccessor.java:104)
at java.base/java.lang.reflect.Method.invoke(Method.java:577)
at org.testng.internal.invokers.MethodInvocationHelper.invokeMethod(MethodInvocationHelper.java:139)
at org.testng.internal.invokers.TestInvoker.invokeMethod(TestInvoker.java:677)
at org.testng.internal.invokers.TestInvoker.invokeTestMethod(TestInvoker.java:221)
at org.testng.internal.invokers.MethodRunner.runInSequence(MethodRunner.java:50)
at org.testng.internal.invokers.TestInvoker$MethodInvocationAgent.invoke(TestInvoker.java:962)
at org.testng.internal.invokers.TestInvoker.invokeTestMethods(TestInvoker.java:194)
at org.testng.internal.invokers.TestMethodWorker.invokeTestMethods(TestMethodWorker.java:148)
at org.testng.internal.invokers.TestMethodWorker.run(TestMethodWorker.java:128)
at java.base/java.util.ArrayList.forEach(ArrayList.java:1511)
at org.testng.TestRunner.privateRun(TestRunner.java:806)
at org.testng.TestRunner.run(TestRunner.java:601)
at org.testng.SuiteRunner.runTest(SuiteRunner.java:433)
at org.testng.SuiteRunner.runSequentially(SuiteRunner.java:427)
at org.testng.SuiteRunner.privateRun(SuiteRunner.java:387)
at org.testng.SuiteRunner.run(SuiteRunner.java:330)
at org.testng.SuiteRunnerWorker.runSuite(SuiteRunnerWorker.java:52)
at org.testng.SuiteRunnerWorker.run(SuiteRunnerWorker.java:95)
at org.testng.TestNG.runSuitesSequentially(TestNG.java:1256)
at org.testng.TestNG.runSuitesLocally(TestNG.java:1176)
at org.testng.TestNG.runSuites(TestNG.java:1099)
at org.testng.TestNG.run(TestNG.java:1067)
at org.testng.remote.AbstractRemoteTestNG.run(AbstractRemoteTestNG.java:115)
at org.testng.remote.RemoteTestNG.initAndRun(RemoteTestNG.java:251)
at org.testng.remote.RemoteTestNG.main(RemoteTestNG.java:77)
Caused by: org.openqa.selenium.net.UrlChecker$TimeoutException: Timed out waiting for [http://127.0.0.1:4723/status] to be available after 20016 ms
at org.openqa.selenium.net.UrlChecker.waitUntilAvailable(UrlChecker.java:89)
at io.appium.java_client.service.local.AppiumDriverLocalService.ping(AppiumDriverLocalService.java:152)
at io.appium.java_client.service.local.AppiumDriverLocalService.start(AppiumDriverLocalService.java:174)
... 27 more
Caused by: java.util.concurrent.TimeoutException
at java.base/java.util.concurrent.FutureTask.get(FutureTask.java:204)
at org.openqa.selenium.net.UrlChecker.waitUntilAvailable(UrlChecker.java:87)
... 29 more
]]>
    </error>
  </testcase> <!-- AppiumTest -->
  <system-out/>
</testsuite> <!-- MobilebasicsTesting.AppiumServerAutomate -->
