<?xml version="1.0" encoding="UTF-8"?>
<!-- Generated by org.testng.reporters.JUnitReportReporter -->
<testsuite hostname="DESKTOP-NMES7OQ" failures="0" tests="1" name="MobilebasicsTesting.InspectorBasicOperationWifiWithExtendsClass" time="1.941" errors="0" timestamp="2022-12-09T15:23:34 IST" skipped="0">
  <testcase classname="MobilebasicsTesting.InspectorBasicOperationWifiWithExtendsClass" name="wifiSettingName" time="1.941"/>
  <system-out/>
</testsuite> <!-- MobilebasicsTesting.InspectorBasicOperationWifiWithExtendsClass -->
