<?xml version="1.0" encoding="UTF-8"?>
<!-- Generated by org.testng.reporters.JUnitReportReporter -->
<testsuite hostname="DESKTOP-NMES7OQ" failures="0" tests="3" name="TestNGTutorials.PriorityExampleHomeLoan" time="0.018" errors="0" timestamp="2022-12-21T16:35:09 IST" skipped="0">
  <testcase classname="TestNGTutorials.PriorityExampleHomeLoan" name="loginAPIHomeLoanLogin" time="0.011"/>
  <system-out/>
  <testcase classname="TestNGTutorials.PriorityExampleHomeLoan" name="webHomeLoanLogin" time="0.002"/>
  <system-out/>
  <testcase classname="TestNGTutorials.PriorityExampleHomeLoan" name="MobileHomeLoanLogin" time="0.005"/>
  <system-out/>
</testsuite> <!-- TestNGTutorials.PriorityExampleHomeLoan -->
