<?xml version="1.0" encoding="UTF-8"?>
<!-- Generated by org.testng.reporters.JUnitReportReporter -->
<testsuite hostname="DESKTOP-NMES7OQ" failures="0" tests="3" name="TestNGTutorials.PriorityExampleCarLoan" time="0.017" errors="0" timestamp="2022-12-23T22:30:45 IST" skipped="0">
  <testcase classname="TestNGTutorials.PriorityExampleCarLoan" name="MobileCarLoginLoan" time="0.003"/>
  <system-out/>
  <testcase classname="TestNGTutorials.PriorityExampleCarLoan" name="webCarLogin" time="0.007"/>
  <system-out/>
  <testcase classname="TestNGTutorials.PriorityExampleCarLoan" name="loginAPICarLogin" time="0.007"/>
  <system-out/>
</testsuite> <!-- TestNGTutorials.PriorityExampleCarLoan -->
