<?xml version="1.0" encoding="UTF-8"?>
<!-- Generated by org.testng.reporters.JUnitReportReporter -->
<testsuite hostname="DESKTOP-NMES7OQ" failures="0" tests="2" name="TestNGTutorials.PriorityExampleCarLoan" time="0.011" errors="0" timestamp="2022-12-21T16:35:09 IST" skipped="0">
  <testcase classname="TestNGTutorials.PriorityExampleCarLoan" name="loginAPICarLogin" time="0.005"/>
  <system-out/>
  <testcase classname="TestNGTutorials.PriorityExampleCarLoan" name="webCarLogin" time="0.006"/>
  <system-out/>
</testsuite> <!-- TestNGTutorials.PriorityExampleCarLoan -->
