<?xml version="1.0" encoding="UTF-8"?>
<!-- Generated by org.testng.reporters.JUnitReportReporter -->
<testsuite hostname="DESKTOP-NMES7OQ" failures="0" tests="1" name="MobilebasicsTesting.AppiumServerAutomate" time="34.254" errors="0" timestamp="2022-12-09T14:02:44 IST" skipped="0">
  <testcase classname="MobilebasicsTesting.AppiumServerAutomate" name="AppiumTest" time="34.254"/>
  <system-out/>
</testsuite> <!-- MobilebasicsTesting.AppiumServerAutomate -->
