<?xml version="1.0" encoding="UTF-8"?>
<!-- Generated by org.testng.reporters.JUnitReportReporter -->
<testsuite hostname="DESKTOP-NMES7OQ" failures="0" tests="1" name="TestNGTutorials.AnnonatationsUsage" time="0.017" errors="0" timestamp="2022-12-21T16:35:09 IST" skipped="0">
  <testcase classname="TestNGTutorials.AnnonatationsUsage" name="demo" time="0.017"/>
  <system-out/>
</testsuite> <!-- TestNGTutorials.AnnonatationsUsage -->
