<?xml version="1.0" encoding="UTF-8"?>
<!-- Generated by org.testng.reporters.JUnitReportReporter -->
<testsuite hostname="DESKTOP-NMES7OQ" failures="0" tests="3" name="TestNGTutorials.GroupAnnotation" time="0.018" errors="0" timestamp="2022-12-23T22:30:45 IST" skipped="0">
  <testcase classname="TestNGTutorials.GroupAnnotation" name="loginAPICarLogin" time="0.009"/>
  <system-out/>
  <testcase classname="TestNGTutorials.GroupAnnotation" name="MobileCarLoginLoan" time="0.003"/>
  <system-out/>
  <testcase classname="TestNGTutorials.GroupAnnotation" name="webGroup1" time="0.006"/>
  <system-out/>
</testsuite> <!-- TestNGTutorials.GroupAnnotation -->
