<?xml version="1.0" encoding="UTF-8"?>
<!-- Generated by org.testng.reporters.JUnitReportReporter -->
<testsuite hostname="DESKTOP-NMES7OQ" failures="0" tests="1" name="TestNGTutorials.PriorityExampleHomeLoan" time="0.004" errors="0" timestamp="2023-01-23T22:21:00 IST" skipped="0">
  <testcase classname="TestNGTutorials.PriorityExampleHomeLoan" name="MobileHomeLoanLogin" time="0.004"/>
  <system-out/>
</testsuite> <!-- TestNGTutorials.PriorityExampleHomeLoan -->
