<?xml version="1.0" encoding="UTF-8"?>
<!-- Generated by org.testng.reporters.JUnitReportReporter -->
<testsuite hostname="DESKTOP-NMES7OQ" failures="0" tests="1" name="TestNGTutorials.PriorityExampleCarLoan" time="0.006" errors="0" timestamp="2022-12-22T00:19:03 IST" skipped="0">
  <testcase classname="TestNGTutorials.PriorityExampleCarLoan" name="MobileCarLoginLoan" time="0.006"/>
  <system-out/>
</testsuite> <!-- TestNGTutorials.PriorityExampleCarLoan -->
