<?xml version="1.0" encoding="UTF-8"?>
<!-- Generated by org.testng.reporters.JUnitReportReporter -->
<testsuite hostname="DESKTOP-NMES7OQ" failures="0" tests="2" name="TestNGTutorials.GroupAnnotation" time="0.006" errors="0" timestamp="2023-01-23T22:21:00 IST" skipped="0">
  <testcase classname="TestNGTutorials.GroupAnnotation" name="MobileCarLoginLoan" time="0.002"/>
  <system-out/>
  <testcase classname="TestNGTutorials.GroupAnnotation" name="webGroup1" time="0.004"/>
  <system-out/>
</testsuite> <!-- TestNGTutorials.GroupAnnotation -->
