<?xml version="1.0" encoding="UTF-8"?>
<!-- Generated by org.testng.reporters.JUnitReportReporter -->
<testsuite hostname="DESKTOP-NMES7OQ" failures="0" tests="1" name="MobilebasicsTesting.InspectorBasicOperation" time="43.041" errors="0" timestamp="2022-12-09T14:36:59 IST" skipped="0">
  <testcase classname="MobilebasicsTesting.InspectorBasicOperation" name="InspectorTest" time="43.041"/>
  <system-out/>
</testsuite> <!-- MobilebasicsTesting.InspectorBasicOperation -->
