<?xml version="1.0" encoding="UTF-8"?>
<!-- Generated by org.testng.reporters.JUnitReportReporter -->
<testsuite hostname="DESKTOP-NMES7OQ" failures="0" tests="3" name="TestNGTutorials.PriorityExampleHomeLoan" time="0.019" errors="0" timestamp="2022-12-22T00:50:20 IST" skipped="0">
  <testcase classname="TestNGTutorials.PriorityExampleHomeLoan" name="webHomeLoanLogin" time="0.001"/>
  <system-out/>
  <testcase classname="TestNGTutorials.PriorityExampleHomeLoan" name="loginAPIHomeLoanLogin" time="0.002"/>
  <system-out/>
  <testcase classname="TestNGTutorials.PriorityExampleHomeLoan" name="MobileHomeLoanLogin" time="0.016"/>
  <system-out/>
</testsuite> <!-- TestNGTutorials.PriorityExampleHomeLoan -->
