<?xml version="1.0" encoding="UTF-8"?>
<!-- Generated by org.testng.reporters.JUnitReportReporter -->
<testsuite hostname="DESKTOP-NMES7OQ" failures="0" tests="2" name="TestNGTutorials.GroupAnnotation" time="0.008" errors="0" timestamp="2022-12-22T00:19:03 IST" skipped="0">
  <testcase classname="TestNGTutorials.GroupAnnotation" name="webGroup1" time="0.003"/>
  <system-out/>
  <testcase classname="TestNGTutorials.GroupAnnotation" name="MobileCarLoginLoan" time="0.005"/>
  <system-out/>
</testsuite> <!-- TestNGTutorials.GroupAnnotation -->
